<?xml version="1.0" encoding="UTF-8"?>
<!-- Generated by org.testng.reporters.JUnitXMLReporter -->
<testsuite ignored="0" hostname="Priyam-PC" failures="0" tests="5" name="Regression suite 1" time="22.392" errors="0" timestamp="24 Dec 2018 12:24:31 GMT">
  <testcase classname="automation.Sampletest" name="f" time="0.043"/>
  <testcase classname="automation.TestGetOperation" name="testget" time="16.652"/>
  <testcase classname="automation.TestPostOperation" name="testpost" time="0.917"/>
  <testcase classname="automation.GetBankBranches" name="testgetBranches" time="3.554"/>
  <testcase classname="automation.CreateUser" name="testCreateUser" time="0.876"/>
</testsuite> <!-- Regression suite 1 -->
