<?xml version="1.0" encoding="UTF-8"?>
<!-- Generated by org.testng.reporters.JUnitXMLReporter -->
<testsuite ignored="0" hostname="Priyam-PC" failures="0" tests="3" name="Regression suite 1" time="12.686" errors="0" timestamp="26 Jul 2018 11:00:05 GMT">
  <testcase classname="automation.Sampletest" name="f" time="0.025"/>
  <testcase classname="automation.TestGetOperation" name="testget" time="10.294"/>
  <testcase classname="automation.TestPostOperation" name="testpost" time="2.202"/>
</testsuite> <!-- Regression suite 1 -->
